<?xml version="1.0" encoding="UTF-8"?>
<!-- Generated by org.testng.reporters.JUnitReportReporter -->
<testsuite hostname="Kishus-MacBook-Air.local" name="com.cr.qa.testcases.LoginPageTest" tests="3" failures="0" timestamp="2 Dec 2018 19:12:57 GMT" time="28.092" errors="0">
  <testcase name="crmLogoImageTest" time="5.879" classname="com.cr.qa.testcases.LoginPageTest"/>
  <testcase name="loginTest" time="15.247" classname="com.cr.qa.testcases.LoginPageTest"/>
  <testcase name="loginPageTitleTest" time="6.966" classname="com.cr.qa.testcases.LoginPageTest"/>
</testsuite> <!-- com.cr.qa.testcases.LoginPageTest -->
