<?xml version="1.0" encoding="UTF-8"?>
<!-- Generated by org.testng.reporters.JUnitReportReporter -->
<testsuite hostname="Kishus-MacBook-Air.local" name="com.cr.qa.testcases.HomePageTest" tests="3" failures="0" timestamp="2 Dec 2018 19:12:57 GMT" time="54.373" errors="0">
  <testcase name="verifyContactsLinkTest" time="19.437" classname="com.cr.qa.testcases.HomePageTest"/>
  <testcase name="verifyUsernameTest" time="15.408" classname="com.cr.qa.testcases.HomePageTest"/>
  <testcase name="verifyHomePageTitleTest" time="19.528" classname="com.cr.qa.testcases.HomePageTest"/>
</testsuite> <!-- com.cr.qa.testcases.HomePageTest -->
